#
# There is insufficient memory for the Java Runtime Environment to continue.
# Native memory allocation (mmap) failed to map 132120576 bytes. Error detail: G1 virtual space
# Possible reasons:
#   The system is out of physical RAM or swap space
#   This process is running with CompressedOops enabled, and the Java Heap may be blocking the growth of the native heap
# Possible solutions:
#   Reduce memory load on the system
#   Increase physical memory or swap space
#   Check if swap backing store is full
#   Decrease Java heap size (-Xmx/-Xms)
#   Decrease number of Java threads
#   Decrease Java thread stack sizes (-Xss)
#   Set larger code cache with -XX:ReservedCodeCacheSize=
#   JVM is running with Unscaled Compressed Oops mode in which the Java heap is
#     placed in the first 4GB address space. The Java Heap base address is the
#     maximum limit for the native heap growth. Please use -XX:HeapBaseMinAddress
#     to set the Java Heap base and to place the Java Heap above 4GB virtual address.
# This output file may be truncated or incomplete.
#
#  Out of Memory Error (os_windows.cpp:3898), pid=14544, tid=13552
#
# JRE version:  (21.0.6+8) (build )
# Java VM: OpenJDK 64-Bit Server VM (21.0.6+8-b631.39, mixed mode, sharing, tiered, compressed oops, compressed class ptrs, g1 gc, windows-amd64)
# No core dump will be written. Minidumps are not enabled by default on client versions of Windows
#

---------------  S U M M A R Y ------------

Command Line: git4idea.http.GitAskPassApp Username for 'https://github.com': 

Host: Intel(R) Core(TM) i3-10110U CPU @ 2.10GHz, 4 cores, 7G,  Windows 11 , 64 bit Build 26100 (10.0.26100.5074)
Time: Thu Sep 25 23:30:55 2025  Windows 11 , 64 bit Build 26100 (10.0.26100.5074) elapsed time: 0.282753 seconds (0d 0h 0m 0s)

---------------  T H R E A D  ---------------

Current thread (0x0000025922347570):  JavaThread "Unknown thread" [_thread_in_vm, id=13552, stack(0x000000b272000000,0x000000b272100000) (1024K)]

Stack: [0x000000b272000000,0x000000b272100000]
Native frames: (J=compiled Java code, j=interpreted, Vv=VM code, C=native code)
V  [jvm.dll+0x6e5d39]
V  [jvm.dll+0x8c4133]
V  [jvm.dll+0x8c668e]
V  [jvm.dll+0x8c6d73]
V  [jvm.dll+0x288f76]
V  [jvm.dll+0x6e25f5]
V  [jvm.dll+0x6d60aa]
V  [jvm.dll+0x3635bb]
V  [jvm.dll+0x36b186]
V  [jvm.dll+0x3bd4b6]
V  [jvm.dll+0x3bd788]
V  [jvm.dll+0x335d2c]
V  [jvm.dll+0x336a1b]
V  [jvm.dll+0x88b589]
V  [jvm.dll+0x3ca688]
V  [jvm.dll+0x874698]
V  [jvm.dll+0x45f04e]
V  [jvm.dll+0x460d31]
C  [jli.dll+0x52ab]
C  [ucrtbase.dll+0x37b0]
C  [KERNEL32.DLL+0x2e8d7]
C  [ntdll.dll+0x8d9c]


---------------  P R O C E S S  ---------------

Threads class SMR info:
_java_thread_list=0x00007ffab4dea148, length=0, elements={
}

Java Threads: ( => current thread )
Total: 0

Other Threads:
  0x000002592464f7b0 WorkerThread "GC Thread#0"                     [id=16632, stack(0x000000b272100000,0x000000b272200000) (1024K)]
  0x00000259246603f0 ConcurrentGCThread "G1 Main Marker"            [id=8288, stack(0x000000b272200000,0x000000b272300000) (1024K)]
  0x0000025924662ac0 WorkerThread "G1 Conc#0"                       [id=10444, stack(0x000000b272300000,0x000000b272400000) (1024K)]

[error occurred during error reporting (printing all threads), id 0xc0000005, EXCEPTION_ACCESS_VIOLATION (0xc0000005) at pc=0x00007ffab44d8de7]
VM state: not at safepoint (not fully initialized)

VM Mutex/Monitor currently owned by a thread:  ([mutex/lock_event])
[0x00007ffab4e5eb30] Heap_lock - owner thread: 0x0000025922347570

Heap address: 0x0000000082800000, size: 2008 MB, Compressed Oops mode: 32-bit

CDS archive(s) mapped at: [0x0000000000000000-0x0000000000000000-0x0000000000000000), size 0, SharedBaseAddress: 0x0000000800000000, ArchiveRelocationMode: 1.
Narrow klass base: 0x0000000000000000, Narrow klass shift: 0, Narrow klass range: 0x0

GC Precious Log:
 CardTable entry size: 512
 Card Set container configuration: InlinePtr #cards 5 size 8 Array Of Cards #cards 12 size 40 Howl #buckets 4 coarsen threshold 1843 Howl Bitmap #cards 512 size 80 coarsen threshold 460 Card regions per heap region 1 cards per card region 2048

Heap:
 garbage-first heap   total 0K, used 0K [0x0000000082800000, 0x0000000100000000)
  region size 1024K, 0 young (0K), 0 survivors (0K)
 Metaspace       used 0K, committed 0K, reserved 0K
  class space    used 0K, committed 0K, reserved 0K

Heap Regions: E=young(eden), S=young(survivor), O=old, HS=humongous(starts), HC=humongous(continues), CS=collection set, F=free, TAMS=top-at-mark-start, PB=parsable bottom

Card table byte_map: [0x0000025937980000,0x0000025937d70000] _byte_map_base: 0x000002593756c000

Marking Bits: (CMBitMap*) 0x000002592464feb0
 Bits: [0x0000025937d70000, 0x0000025939cd0000)

GC Heap History (0 events):
No events

Dll operation events (1 events):
Event: 0.013 Loaded shared library D:\IntelliJ IDEA 2024.3.3\jbr\bin\java.dll

Deoptimization events (0 events):
No events

Classes loaded (0 events):
No events

Classes unloaded (0 events):
No events

Classes redefined (0 events):
No events

Internal exceptions (0 events):
No events

ZGC Phase Switch (0 events):
No events

VM Operations (0 events):
No events

Memory protections (0 events):
No events

Nmethod flushes (0 events):
No events

Events (0 events):
No events


Dynamic libraries:
0x00007ff6934f0000 - 0x00007ff6934fa000 	D:\IntelliJ IDEA 2024.3.3\jbr\bin\java.exe
0x00007ffb0dd40000 - 0x00007ffb0dfa9000 	C:\WINDOWS\SYSTEM32\ntdll.dll
0x00007ffb0be50000 - 0x00007ffb0bf19000 	C:\WINDOWS\System32\KERNEL32.DLL
0x00007ffb0b460000 - 0x00007ffb0b853000 	C:\WINDOWS\System32\KERNELBASE.dll
0x00007ffb0aed0000 - 0x00007ffb0b01b000 	C:\WINDOWS\System32\ucrtbase.dll
0x00007ffaed370000 - 0x00007ffaed38b000 	D:\IntelliJ IDEA 2024.3.3\jbr\bin\VCRUNTIME140.dll
0x00007ffaf90f0000 - 0x00007ffaf9108000 	D:\IntelliJ IDEA 2024.3.3\jbr\bin\jli.dll
0x00007ffb0d7f0000 - 0x00007ffb0d9b4000 	C:\WINDOWS\System32\USER32.dll
0x00007ffb0b2f0000 - 0x00007ffb0b317000 	C:\WINDOWS\System32\win32u.dll
0x00007ffb0db40000 - 0x00007ffb0db6b000 	C:\WINDOWS\System32\GDI32.dll
0x00007ffaf6650000 - 0x00007ffaf68e3000 	C:\WINDOWS\WinSxS\amd64_microsoft.windows.common-controls_6595b64144ccf1df_6.0.26100.5074_none_3e0d6f78e32fd63f\COMCTL32.dll
0x00007ffb0b860000 - 0x00007ffb0b98d000 	C:\WINDOWS\System32\gdi32full.dll
0x00007ffb0ca20000 - 0x00007ffb0cac9000 	C:\WINDOWS\System32\msvcrt.dll
0x00007ffb0b320000 - 0x00007ffb0b3c3000 	C:\WINDOWS\System32\msvcp_win.dll
0x00007ffb0c950000 - 0x00007ffb0c97f000 	C:\WINDOWS\System32\IMM32.DLL
0x00007ffb068c0000 - 0x00007ffb068cc000 	D:\IntelliJ IDEA 2024.3.3\jbr\bin\vcruntime140_1.dll
0x00007ffaf9060000 - 0x00007ffaf90ed000 	D:\IntelliJ IDEA 2024.3.3\jbr\bin\msvcp140.dll
0x00007ffab4190000 - 0x00007ffab4f51000 	D:\IntelliJ IDEA 2024.3.3\jbr\bin\server\jvm.dll
0x00007ffb0d9c0000 - 0x00007ffb0da74000 	C:\WINDOWS\System32\ADVAPI32.dll
0x00007ffb0da90000 - 0x00007ffb0db36000 	C:\WINDOWS\System32\sechost.dll
0x00007ffb0cb50000 - 0x00007ffb0cc68000 	C:\WINDOWS\System32\RPCRT4.dll
0x00007ffb0d2e0000 - 0x00007ffb0d354000 	C:\WINDOWS\System32\WS2_32.dll
0x00007ffb0ad30000 - 0x00007ffb0ad8e000 	C:\WINDOWS\SYSTEM32\POWRPROF.dll
0x00007ffafb990000 - 0x00007ffafb99b000 	C:\WINDOWS\SYSTEM32\VERSION.dll
0x00007ffaf79c0000 - 0x00007ffaf79f5000 	C:\WINDOWS\SYSTEM32\WINMM.dll
0x00007ffb0ad10000 - 0x00007ffb0ad24000 	C:\WINDOWS\SYSTEM32\UMPDC.dll
0x00007ffb09c80000 - 0x00007ffb09c9b000 	C:\WINDOWS\SYSTEM32\kernel.appcore.dll
0x00007ffaf7880000 - 0x00007ffaf788a000 	D:\IntelliJ IDEA 2024.3.3\jbr\bin\jimage.dll
0x00007ffb08d80000 - 0x00007ffb08fc2000 	C:\WINDOWS\SYSTEM32\DBGHELP.DLL
0x00007ffb0cd60000 - 0x00007ffb0d0db000 	C:\WINDOWS\System32\combase.dll
0x00007ffb0bf20000 - 0x00007ffb0bff7000 	C:\WINDOWS\System32\OLEAUT32.dll
0x00007ffaee990000 - 0x00007ffaee9cd000 	C:\WINDOWS\SYSTEM32\dbgcore.DLL
0x00007ffb0b020000 - 0x00007ffb0b0b9000 	C:\WINDOWS\System32\bcryptPrimitives.dll
0x00007ffaed350000 - 0x00007ffaed370000 	D:\IntelliJ IDEA 2024.3.3\jbr\bin\java.dll

dbghelp: loaded successfully - version: 4.0.5 - missing functions: none
symbol engine: initialized successfully - sym options: 0x614 - pdb path: .;D:\IntelliJ IDEA 2024.3.3\jbr\bin;C:\WINDOWS\SYSTEM32;C:\WINDOWS\WinSxS\amd64_microsoft.windows.common-controls_6595b64144ccf1df_6.0.26100.5074_none_3e0d6f78e32fd63f;D:\IntelliJ IDEA 2024.3.3\jbr\bin\server

VM Arguments:
java_command: git4idea.http.GitAskPassApp Username for 'https://github.com': 
java_class_path (initial): D:/IntelliJ IDEA 2024.3.3/plugins/vcs-git/lib/git4idea-rt.jar;D:/IntelliJ IDEA 2024.3.3/lib/externalProcess-rt.jar
Launcher Type: SUN_STANDARD

[Global flags]
     intx CICompilerCount                          = 3                                         {product} {ergonomic}
     uint ConcGCThreads                            = 1                                         {product} {ergonomic}
     uint G1ConcRefinementThreads                  = 4                                         {product} {ergonomic}
   size_t G1HeapRegionSize                         = 1048576                                   {product} {ergonomic}
    uintx GCDrainStackTargetSize                   = 64                                        {product} {ergonomic}
   size_t InitialHeapSize                          = 132120576                                 {product} {ergonomic}
   size_t MarkStackSize                            = 4194304                                   {product} {ergonomic}
   size_t MaxHeapSize                              = 2105540608                                {product} {ergonomic}
   size_t MinHeapDeltaBytes                        = 1048576                                   {product} {ergonomic}
   size_t MinHeapSize                              = 8388608                                   {product} {ergonomic}
    uintx NonNMethodCodeHeapSize                   = 5832780                                {pd product} {ergonomic}
    uintx NonProfiledCodeHeapSize                  = 122912730                              {pd product} {ergonomic}
    uintx ProfiledCodeHeapSize                     = 122912730                              {pd product} {ergonomic}
    uintx ReservedCodeCacheSize                    = 251658240                              {pd product} {ergonomic}
     bool SegmentedCodeCache                       = true                                      {product} {ergonomic}
   size_t SoftMaxHeapSize                          = 2105540608                             {manageable} {ergonomic}
     bool UseCompressedOops                        = true                           {product lp64_product} {ergonomic}
     bool UseG1GC                                  = true                                      {product} {ergonomic}
     bool UseLargePagesIndividualAllocation        = false                                  {pd product} {ergonomic}

Logging:
Log output configuration:
 #0: stdout all=warning uptime,level,tags foldmultilines=false
 #1: stderr all=off uptime,level,tags foldmultilines=false

Environment Variables:
JAVA_HOME=C:\Program Files\Java\jdk-21
PATH=C:\Program Files\Git\mingw64\libexec\git-core;C:\Program Files\Git\mingw64\libexec\git-core;C:\Program Files\Git\mingw64\bin;C:\Program Files\Git\usr\bin;C:\Users\XIAO   SA\bin;C:\Users\XIAO   SA\AppData\Local\Programs\Python\Python312\Scripts;C:\Program Files\Git\cmd;D:\nginx-1.24.0;C:\ProgramData\chocolatey\bin;D:\;C:\MinGW\bin;C:\Program Files\JetBrains\IntelliJ IDEA 2024.2.1\bin;D:\mavean\apache-maven-3.9.9\bin;C:\Program Files\Java\jdk-21\bin;C:\Program Files\Java\jdk-21\bin;D:\nvm;C:\Program Files\nodejs;D:\nvm;C:\Windows\System32;D:\微信web开发者工具\dll;D:\微信web开发者工具2\dll;D:\PyCharm 2025.1\bin;D:\IntelliJ IDEA 2024.3.3\bin;D:\010 Editor;C:\WINDOWS\system32;C:\WINDOWS;C:\WINDOWS\System32\Wbem;C:\WINDOWS\System32\WindowsPowerShell\v1.0;C:\WINDOWS\System32\OpenSSH;C:\Users\XIAO   SA\AppData\Local\Microsoft\WindowsApps;D:\新建文件夹\Microsoft VS Code\bin;C:\Users\XIAO   SA\AppData\Local\Programs\Microsoft VS Code\bin;C:\Program Files\JetBrains\PyCharm Community Edition 2024.2.1\bin;D:\IntelliJ IDEA 2024.3.3\bin;D:\Nmap;C:\Users\XIAO   SA\AppData\Roaming\npm;D:\nvm;D:\nvm\v22.11.0;D:\PyCharm 2025.1\bin;D:\cursor\resources\app\bin
USERNAME=XIAO   SA
DISPLAY=:0.0
LC_ALL=en_US.UTF-8
TERM=xterm-256color
TMPDIR=C:\Users\XIAOSA~1\AppData\Local\Temp
OS=Windows_NT
PROCESSOR_IDENTIFIER=Intel64 Family 6 Model 142 Stepping 12, GenuineIntel
TMP=C:\Users\XIAOSA~1\AppData\Local\Temp
TEMP=C:\Users\XIAOSA~1\AppData\Local\Temp




Periodic native trim disabled

JNI global refs:
JNI global refs: 0, weak refs: 0

JNI global refs memory usage: 0, weak refs: 0

Process memory usage:
Resident Set Size: 13600K (0% of 8218416K total physical memory with 702236K free physical memory)

OOME stack traces (most recent first):
Classloader memory used:

---------------  S Y S T E M  ---------------

OS:
 Windows 11 , 64 bit Build 26100 (10.0.26100.5074)
OS uptime: 0 days 6:53 hours

CPU: total 4 (initial active 4) (2 cores per cpu, 2 threads per core) family 6 model 142 stepping 12 microcode 0xde, cx8, cmov, fxsr, ht, mmx, 3dnowpref, sse, sse2, sse3, ssse3, sse4.1, sse4.2, popcnt, lzcnt, tsc, tscinvbit, avx, avx2, aes, erms, clmul, bmi1, bmi2, adx, fma, vzeroupper, clflush, clflushopt, rdtscp, f16c
Processor Information for the first 4 processors :
  Max Mhz: 2592, Current Mhz: 2592, Mhz Limit: 2073

Memory: 4k page, system-wide physical 8025M (685M free)
TotalPageFile size 20025M (AvailPageFile size 126M)
current process WorkingSet (physical memory assigned to process): 13M, peak: 13M
current process commit charge ("private bytes"): 52M, peak: 178M

vm_info: OpenJDK 64-Bit Server VM (21.0.6+8-b631.39) for windows-amd64 JRE (21.0.6+8-b631.39), built on 2025-02-04 by "builduser" with MS VC++ 16.10 / 16.11 (VS2019)

END.
