#
# There is insufficient memory for the Java Runtime Environment to continue.
# Native memory allocation (mmap) failed to map 132120576 bytes for G1 virtual space
# Possible reasons:
#   The system is out of physical RAM or swap space
#   The process is running with CompressedOops enabled, and the Java Heap may be blocking the growth of the native heap
# Possible solutions:
#   Reduce memory load on the system
#   Increase physical memory or swap space
#   Check if swap backing store is full
#   Decrease Java heap size (-Xmx/-Xms)
#   Decrease number of Java threads
#   Decrease Java thread stack sizes (-Xss)
#   Set larger code cache with -XX:ReservedCodeCacheSize=
#   JVM is running with Unscaled Compressed Oops mode in which the Java heap is
#     placed in the first 4GB address space. The Java Heap base address is the
#     maximum limit for the native heap growth. Please use -XX:HeapBaseMinAddress
#     to set the Java Heap base and to place the Java Heap above 4GB virtual address.
# This output file may be truncated or incomplete.
#
#  Out of Memory Error (os_windows.cpp:3600), pid=20216, tid=22844
#
# JRE version:  (21.0.4+8) (build )
# Java VM: Java HotSpot(TM) 64-Bit Server VM (21.0.4+8-LTS-274, mixed mode, emulated-client, sharing, tiered, compressed oops, compressed class ptrs, g1 gc, windows-amd64)
# No core dump will be written. Minidumps are not enabled by default on client versions of Windows
#

---------------  S U M M A R Y ------------

Command Line: -XX:TieredStopAtLevel=1 com.generate3d.Generate3DApplication

Host: Intel(R) Core(TM) i3-10110U CPU @ 2.10GHz, 4 cores, 7G,  Windows 11 , 64 bit Build 26100 (10.0.26100.5074)
Time: Wed Sep 24 17:07:41 2025  Windows 11 , 64 bit Build 26100 (10.0.26100.5074) elapsed time: 0.620976 seconds (0d 0h 0m 0s)

---------------  T H R E A D  ---------------

Current thread (0x000001e77e3d2550):  JavaThread "Unknown thread" [_thread_in_vm, id=22844, stack(0x0000006d5e900000,0x0000006d5ea00000) (1024K)]

Stack: [0x0000006d5e900000,0x0000006d5ea00000]
Native frames: (J=compiled Java code, j=interpreted, Vv=VM code, C=native code)
V  [jvm.dll+0x6c8e59]
V  [jvm.dll+0x853181]
V  [jvm.dll+0x8556ae]
V  [jvm.dll+0x855d83]
V  [jvm.dll+0x27d526]
V  [jvm.dll+0x6c55f5]
V  [jvm.dll+0x6ba17a]
V  [jvm.dll+0x352a8a]
V  [jvm.dll+0x35a6e6]
V  [jvm.dll+0x3acdae]
V  [jvm.dll+0x3ad058]
V  [jvm.dll+0x326dec]
V  [jvm.dll+0x32794b]
V  [jvm.dll+0x81c569]
V  [jvm.dll+0x3b9a11]
V  [jvm.dll+0x805948]
V  [jvm.dll+0x44ec5e]
V  [jvm.dll+0x450851]
C  [jli.dll+0x52a3]
C  [ucrtbase.dll+0x37b0]
C  [KERNEL32.DLL+0x2e8d7]
C  [ntdll.dll+0x8d9c]


---------------  P R O C E S S  ---------------

Threads class SMR info:
_java_thread_list=0x00007ffc62226c08, length=0, elements={
}

Java Threads: ( => current thread )
Total: 0

Other Threads:
  0x000001e70089fbd0 WorkerThread "GC Thread#0"                     [id=24184, stack(0x0000006d5ea00000,0x0000006d5eb00000) (1024K)]
  0x000001e7008b06b0 ConcurrentGCThread "G1 Main Marker"            [id=7760, stack(0x0000006d5eb00000,0x0000006d5ec00000) (1024K)]
  0x000001e7008b21c0 WorkerThread "G1 Conc#0"                       [id=18700, stack(0x0000006d5ec00000,0x0000006d5ed00000) (1024K)]

[error occurred during error reporting (printing all threads), id 0xc0000005, EXCEPTION_ACCESS_VIOLATION (0xc0000005) at pc=0x00007ffc61999577]
VM state: not at safepoint (not fully initialized)

VM Mutex/Monitor currently owned by a thread:  ([mutex/lock_event])
[0x00007ffc62297f98] Heap_lock - owner thread: 0x000001e77e3d2550

Heap address: 0x0000000082800000, size: 2008 MB, Compressed Oops mode: 32-bit

CDS archive(s) mapped at: [0x0000000000000000-0x0000000000000000-0x0000000000000000), size 0, SharedBaseAddress: 0x0000000800000000, ArchiveRelocationMode: 1.
Narrow klass base: 0x0000000000000000, Narrow klass shift: 0, Narrow klass range: 0x0

GC Precious Log:
 CardTable entry size: 512
 Card Set container configuration: InlinePtr #cards 5 size 8 Array Of Cards #cards 12 size 40 Howl #buckets 4 coarsen threshold 1843 Howl Bitmap #cards 512 size 80 coarsen threshold 460 Card regions per heap region 1 cards per card region 2048

Heap:
 garbage-first heap   total 0K, used 0K [0x0000000082800000, 0x0000000100000000)
  region size 1024K, 0 young (0K), 0 survivors (0K)

[error occurred during error reporting (printing heap information), id 0xc0000005, EXCEPTION_ACCESS_VIOLATION (0xc0000005) at pc=0x00007ffc61d81df9]
GC Heap History (0 events):
No events

Dll operation events (1 events):
Event: 0.059 Loaded shared library C:\Program Files\Java\jdk-21\bin\java.dll

Deoptimization events (0 events):
No events

Classes loaded (0 events):
No events

Classes unloaded (0 events):
No events

Classes redefined (0 events):
No events

Internal exceptions (0 events):
No events

ZGC Phase Switch (0 events):
No events

VM Operations (0 events):
No events

Events (0 events):
No events


Dynamic libraries:
0x00007ff737460000 - 0x00007ff737470000 	C:\Program Files\Java\jdk-21\bin\java.exe
0x00007ffd4e3e0000 - 0x00007ffd4e649000 	C:\WINDOWS\SYSTEM32\ntdll.dll
0x00007ffd4c320000 - 0x00007ffd4c3e9000 	C:\WINDOWS\System32\KERNEL32.DLL
0x00007ffd4b8e0000 - 0x00007ffd4bcd3000 	C:\WINDOWS\System32\KERNELBASE.dll
0x00007ffd4b570000 - 0x00007ffd4b6bb000 	C:\WINDOWS\System32\ucrtbase.dll
0x00007ffd21e90000 - 0x00007ffd21ea9000 	C:\Program Files\Java\jdk-21\bin\jli.dll
0x00007ffd4dd20000 - 0x00007ffd4ddd4000 	C:\WINDOWS\System32\ADVAPI32.dll
0x00007ffd4d040000 - 0x00007ffd4d0e9000 	C:\WINDOWS\System32\msvcrt.dll
0x00007ffd4ced0000 - 0x00007ffd4cf76000 	C:\WINDOWS\System32\sechost.dll
0x00007ffd4e280000 - 0x00007ffd4e398000 	C:\WINDOWS\System32\RPCRT4.dll
0x00007ffd4d490000 - 0x00007ffd4d654000 	C:\WINDOWS\System32\USER32.dll
0x00007ffd4c180000 - 0x00007ffd4c1a7000 	C:\WINDOWS\System32\win32u.dll
0x00007ffd4c2f0000 - 0x00007ffd4c31b000 	C:\WINDOWS\System32\GDI32.dll
0x00007ffd4bfa0000 - 0x00007ffd4c0cd000 	C:\WINDOWS\System32\gdi32full.dll
0x00007ffd4c0d0000 - 0x00007ffd4c173000 	C:\WINDOWS\System32\msvcp_win.dll
0x00007ffd21dd0000 - 0x00007ffd21deb000 	C:\Program Files\Java\jdk-21\bin\VCRUNTIME140.dll
0x00007ffd39580000 - 0x00007ffd39813000 	C:\WINDOWS\WinSxS\amd64_microsoft.windows.common-controls_6595b64144ccf1df_6.0.26100.5074_none_3e0d6f78e32fd63f\COMCTL32.dll
0x00007ffd39e00000 - 0x00007ffd39e0b000 	C:\WINDOWS\SYSTEM32\VERSION.dll
0x00007ffd4c1b0000 - 0x00007ffd4c1df000 	C:\WINDOWS\System32\IMM32.DLL
0x00007ffd30560000 - 0x00007ffd3056c000 	C:\Program Files\Java\jdk-21\bin\vcruntime140_1.dll
0x00007ffcf2360000 - 0x00007ffcf23ee000 	C:\Program Files\Java\jdk-21\bin\msvcp140.dll
0x00007ffc61660000 - 0x00007ffc62373000 	C:\Program Files\Java\jdk-21\bin\server\jvm.dll
0x00007ffd4c1f0000 - 0x00007ffd4c264000 	C:\WINDOWS\System32\WS2_32.dll
0x00007ffd4b3d0000 - 0x00007ffd4b42e000 	C:\WINDOWS\SYSTEM32\POWRPROF.dll
0x00007ffd33d80000 - 0x00007ffd33db5000 	C:\WINDOWS\SYSTEM32\WINMM.dll
0x00007ffd4b3b0000 - 0x00007ffd4b3c4000 	C:\WINDOWS\SYSTEM32\UMPDC.dll
0x00007ffd4a310000 - 0x00007ffd4a32b000 	C:\WINDOWS\SYSTEM32\kernel.appcore.dll
0x00007ffd2e1f0000 - 0x00007ffd2e1fa000 	C:\Program Files\Java\jdk-21\bin\jimage.dll
0x00007ffd48a30000 - 0x00007ffd48c72000 	C:\WINDOWS\SYSTEM32\DBGHELP.DLL
0x00007ffd4d9a0000 - 0x00007ffd4dd1b000 	C:\WINDOWS\System32\combase.dll
0x00007ffd4d3b0000 - 0x00007ffd4d487000 	C:\WINDOWS\System32\OLEAUT32.dll
0x00007ffd2f100000 - 0x00007ffd2f13d000 	C:\WINDOWS\SYSTEM32\dbgcore.DLL
0x00007ffd4b840000 - 0x00007ffd4b8d9000 	C:\WINDOWS\System32\bcryptPrimitives.dll
0x00007ffd21db0000 - 0x00007ffd21dcf000 	C:\Program Files\Java\jdk-21\bin\java.dll

dbghelp: loaded successfully - version: 4.0.5 - missing functions: none
symbol engine: initialized successfully - sym options: 0x614 - pdb path: .;C:\Program Files\Java\jdk-21\bin;C:\WINDOWS\SYSTEM32;C:\WINDOWS\WinSxS\amd64_microsoft.windows.common-controls_6595b64144ccf1df_6.0.26100.5074_none_3e0d6f78e32fd63f;C:\Program Files\Java\jdk-21\bin\server

VM Arguments:
jvm_args: -XX:TieredStopAtLevel=1 
java_command: com.generate3d.Generate3DApplication
java_class_path (initial): D:\Generate-3D-models\backend-simple\target\classes;C:\Users\XIAO   SA\.m2\repository\org\springframework\boot\spring-boot\3.2.0\spring-boot-3.2.0.jar;C:\Users\XIAO   SA\.m2\repository\ch\qos\logback\logback-classic\1.4.11\logback-classic-1.4.11.jar;C:\Users\XIAO   SA\.m2\repository\ch\qos\logback\logback-core\1.4.11\logback-core-1.4.11.jar;C:\Users\XIAO   SA\.m2\repository\org\apache\logging\log4j\log4j-to-slf4j\2.21.1\log4j-to-slf4j-2.21.1.jar;C:\Users\XIAO   SA\.m2\repository\org\apache\logging\log4j\log4j-api\2.21.1\log4j-api-2.21.1.jar;C:\Users\XIAO   SA\.m2\repository\org\slf4j\jul-to-slf4j\2.0.9\jul-to-slf4j-2.0.9.jar;C:\Users\XIAO   SA\.m2\repository\jakarta\annotation\jakarta.annotation-api\2.1.1\jakarta.annotation-api-2.1.1.jar;C:\Users\XIAO   SA\.m2\repository\org\yaml\snakeyaml\2.2\snakeyaml-2.2.jar;C:\Users\XIAO   SA\.m2\repository\com\fasterxml\jackson\datatype\jackson-datatype-jdk8\2.15.3\jackson-datatype-jdk8-2.15.3.jar;C:\Users\XIAO   SA\.m2\repository\com\fasterxml\jackson\datatype\jackson-datatype-jsr310\2.15.3\jackson-datatype-jsr310-2.15.3.jar;C:\Users\XIAO   SA\.m2\repository\com\fasterxml\jackson\module\jackson-module-parameter-names\2.15.3\jackson-module-parameter-names-2.15.3.jar;C:\Users\XIAO   SA\.m2\repository\org\apache\tomcat\embed\tomcat-embed-core\10.1.16\tomcat-embed-core-10.1.16.jar;C:\Users\XIAO   SA\.m2\repository\org\apache\tomcat\embed\tomcat-embed-websocket\10.1.16\tomcat-embed-websocket-10.1.16.jar;C:\Users\XIAO   SA\.m2\repository\org\springframework\spring-web\6.1.1\spring-web-6.1.1.jar;C:\Users\XIAO   SA\.m2\repository\org\springframework\spring-beans\6.1.1\spring-beans-6.1.1.jar;C:\Users\XIAO   SA\.m2\repository\org\springframework\spring-webmvc\6.1.1\spring-webmvc-6.1.1.jar;C:\Users\XIAO   SA\.m2\repository\org\springframework\spring-context\6.1.1\spring-context-6.1.1.jar;C:\Users\XIAO   SA\.m2\repository\org\springframework\spring-expression\6.1.1\spring-expression-6.1.1.jar;C:\Users\XIAO   SA\.m2\repository\org\apache\tomcat\embed\tomcat-embed-el\10.1.16\tomcat-embed-el-10.1.16.jar;C:\Users\XIAO   SA\.m2\repository\org\hibernate\validator\hibernate-validator\8.0.1.Final\hibernate-validator-8.0.1.Final.jar;C:\Users\XIAO   SA\.m2\repository\jakarta\validation\jakarta.validation-api\3.0.2\jakarta.validation-api-3.0.2.jar;C:\Users\XIAO   SA\.m2\repository\org\jboss\logging\jboss-logging\3.5.3.Final\jboss-logging-3.5.3.Final.jar;C:\Users\XIAO   SA\.m2\repository\com\fasterxml\classmate\1.6.0\classmate-1.6.0.jar;C:\Users\XIAO   SA\.m2\repository\io\lettuce\lettuce-core\6.3.0.RELEASE\lettuce-core-6.3.0.RELEASE.jar;C:\Users\XIAO   SA\.m2\repository\io\netty\netty-common\4.1.101.Final\netty-common-4.1.101.Final.jar;C:\Users\XIAO   SA\.m2\repository\io\netty\netty-handler\4.1.101.Final\netty-handler-4.1.101.Final.jar;C:\Users\XIAO   SA\.m2\repository\io\netty\netty-resolver\4.1.101.Final\netty-resolver-4.1.101.Final.jar;C:\Users\XIAO   SA\.m2\repository\io\netty\netty-buffer\4.1.101.Final\netty-buffer-4.1.101.Final.jar;C:\Users\XIAO   SA\.m2\repository\io\netty\netty-transport-native-unix-common\4.1.101.Final\netty-transport-native-unix-common-4.1.101.Final.jar;C:\Users\XIAO   SA\.m2\repository\io\netty\netty-codec\4.1.101.Final\netty-codec-4.1.101.Final.jar;C:\Users\XIAO   SA\.m2\repository\io\netty\netty-transport\4.1.101.Final\netty-transport-4.1.101.Final.jar;C:\Users\XIAO   SA\.m2\repository\io\projectreactor\reactor-core\3.6.0\reactor-core-3.6.0.jar;C:\Users\XIAO   SA\.m2\repository\org\reactivestreams\reactive-streams\1.0.4\reactive-streams-1.0.4.jar;C:\Users\XIAO   SA\.m2\repository\org\springframework\data\spring-data-redis\3.2.0\spring-data-redis-3.2.0.jar;C:\Users\XIAO   SA\.m2\repository\org\springframework\data\spring-data-keyvalue\3.2.0\spring-data-keyvalue-3.2.0.jar;C:\Users\XIAO   SA\.m2\repository\org\springframework\data\spring-data-commons\3.2.0\spring-data-commons-3.2.0.jar;C:\Users\XIAO   SA\.m2\repository\org\springframework\spring-tx\6.1.1\spring-tx-6.1.1.jar;C:\Users\XIAO   SA\.m2\repository\org\springframework\spring-oxm\6.1.1\spring-oxm-6.1.1.jar;C:\Users\XIAO   SA\.m2\repository\org\springframework\spring-context-support\6.1.1\spring-context-support-6.1.1.jar;C:\Users\XIAO   SA\.m2\repository\org\slf4j\slf4j-api\2.0.9\slf4j-api-2.0.9.jar;C:\Users\XIAO   SA\.m2\repository\org\springframework\spring-aop\6.1.1\spring-aop-6.1.1.jar;C:\Users\XIAO   SA\.m2\repository\org\springframework\security\spring-security-config\6.2.0\spring-security-config-6.2.0.jar;C:\Users\XIAO   SA\.m2\repository\org\springframework\security\spring-security-core\6.2.0\spring-security-core-6.2.0.jar;C:\Users\XIAO   SA\.m2\repository\org\springframework\security\spring-security-crypto\6.2.0\spring-security-crypto-6.2.0.jar;C:\Users\XIAO   SA\.m2\repository\org\springframework\security\spring-security-web\6.2.0\spring-security-web-6.2.0.jar;C:\Users\XIAO   SA\.m2\repository\org\springframework\boot\spring-boot-actuator-autoconfigure\3.2.0\spring-boot-actuator-autoconfigure-3.2.0.jar;C:\Users\XIAO   SA\.m2\repository\org\springframework\boot\spring-boot-actuator\3.2.0\spring-boot-actuator-3.2.0.jar;C:\Users\XIAO   SA\.m2\repository\io\micrometer\micrometer-observation\1.12.0\micrometer-observation-1.12.0.jar;C:\Users\XIAO   SA\.m2\repository\io\micrometer\micrometer-commons\1.12.0\micrometer-commons-1.12.0.jar;C:\Users\XIAO   SA\.m2\repository\io\micrometer\micrometer-jakarta9\1.12.0\micrometer-jakarta9-1.12.0.jar;C:\Users\XIAO   SA\.m2\repository\io\micrometer\micrometer-core\1.12.0\micrometer-core-1.12.0.jar;C:\Users\XIAO   SA\.m2\repository\org\hdrhistogram\HdrHistogram\2.1.12\HdrHistogram-2.1.12.jar;C:\Users\XIAO   SA\.m2\repository\org\latencyutils\LatencyUtils\2.0.3\LatencyUtils-2.0.3.jar;C:\Users\XIAO   SA\.m2\repository\com\baomidou\mybatis-plus-boot-starter\3.5.5\mybatis-plus-boot-starter-3.5.5.jar;C:\Users\XIAO   SA\.m2\repository\com\baomidou\mybatis-plus\3.5.5\mybatis-plus-3.5.5.jar;C:\Users\XIAO   SA\.m2\repository\com\baomidou\mybatis-plus-core\3.5.5\mybatis-plus-core-3.5.5.jar;C:\Users\XIAO   SA\.m2\repository\com\baomidou\mybatis-plus-annotation\3.5.5\mybatis-plus-annotation-3.5.5.jar;C:\Users\XIAO   SA\.m2\repository\com\baomidou\mybatis-plus-extension\3.5.5\mybatis-plus-extension-3.5.5.jar;C:\Users\XIAO   SA\.m2\repository\org\mybatis\mybatis\3.5.15\mybatis-3.5.15.jar;C:\Users\XIAO   SA\.m2\repository\com\github\jsqlparser\jsqlparser\4.6\jsqlparser-4.6.jar;C:\Users\XIAO   SA\.m2\repository\org\mybatis\mybatis-spring\2.1.2\mybatis-spring-2.1.2.jar;C:\Users\XIAO   SA\.m2\repository\com\baomidou\mybatis-plus-spring-boot-autoconfigure\3.5.5\mybatis-plus-spring-boot-autoconfigure-3.5.5.jar;C:\Users\XIAO   SA\.m2\repository\org\springframework\boot\spring-boot-autoconfigure\3.2.0\spring-boot-autoconfigure-3.2.0.jar;C:\Users\XIAO   SA\.m2\repository\com\zaxxer\HikariCP\5.0.1\HikariCP-5.0.1.jar;C:\Users\XIAO   SA\.m2\repository\org\springframework\spring-jdbc\6.1.1\spring-jdbc-6.1.1.jar;C:\Users\XIAO   SA\.m2\repository\com\mysql\mysql-connector-j\8.1.0\mysql-connector-j-8.1.0.jar;C:\Users\XIAO   SA\.m2\repository\cn\hutool\hutool-all\5.8.22\hutool-all-5.8.22.jar;C:\Users\XIAO   SA\.m2\repository\com\alibaba\fastjson2\fastjson2\2.0.43\fastjson2-2.0.43.jar;C:\Users\XIAO   SA\.m2\repository\io\jsonwebtoken\jjwt-api\0.12.3\jjwt-api-0.12.3.jar;C:\Users\XIAO   SA\.m2\repository\io\jsonwebtoken\jjwt-impl\0.12.3\jjwt-impl-0.12.3.jar;C:\Users\XIAO   SA\.m2\repository\io\jsonwebtoken\jjwt-jackson\0.12.3\jjwt-jackson-0.12.3.jar;C:\Users\XIAO   SA\.m2\repository\com\fasterxml\jackson\core\jackson-databind\2.15.3\jackson-databind-2.15.3.jar;C:\Users\XIAO   SA\.m2\repository\com\fasterxml\jackson\core\jackson-annotations\2.15.3\jackson-annotations-2.15.3.jar;C:\Users\XIAO   SA\.m2\repository\com\fasterxml\jackson\core\jackson-core\2.15.3\jackson-core-2.15.3.jar;C:\Users\XIAO   SA\.m2\repository\org\springdoc\springdoc-openapi-starter-webmvc-ui\2.2.0\springdoc-openapi-starter-webmvc-ui-2.2.0.jar;C:\Users\XIAO   SA\.m2\repository\org\springdoc\springdoc-openapi-starter-webmvc-api\2.2.0\springdoc-openapi-starter-webmvc-api-2.2.0.jar;C:\Users\XIAO   SA\.m2\repository\org\springdoc\springdoc-openapi-starter-common\2.2.0\springdoc-openapi-starter-common-2.2.0.jar;C:\Users\XIAO   SA\.m2\repository\io\swagger\core\v3\swagger-core-jakarta\2.2.15\swagger-core-jakarta-2.2.15.jar;C:\Users\XIAO   SA\.m2\repository\org\apache\commons\commons-lang3\3.13.0\commons-lang3-3.13.0.jar;C:\Users\XIAO   SA\.m2\repository\io\swagger\core\v3\swagger-annotations-jakarta\2.2.15\swagger-annotations-jakarta-2.2.15.jar;C:\Users\XIAO   SA\.m2\repository\io\swagger\core\v3\swagger-models-jakarta\2.2.15\swagger-models-jakarta-2.2.15.jar;C:\Users\XIAO   SA\.m2\repository\com\fasterxml\jackson\dataformat\jackson-dataformat-yaml\2.15.3\jackson-dataformat-yaml-2.15.3.jar;C:\Users\XIAO   SA\.m2\repository\org\webjars\swagger-ui\5.2.0\swagger-ui-5.2.0.jar;C:\Users\XIAO   SA\.m2\repository\com\aliyun\oss\aliyun-sdk-oss\3.17.0\aliyun-sdk-oss-3.17.0.jar;C:\Users\XIAO   SA\.m2\repository\org\apache\httpcomponents\httpclient\4.5.13\httpclient-4.5.13.jar;C:\Users\XIAO   SA\.m2\repository\org\apache\httpcomponents\httpcore\4.4.16\httpcore-4.4.16.jar;C:\Users\XIAO   SA\.m2\repository\commons-codec\commons-codec\1.16.0\commons-codec-1.16.0.jar;C:\Users\XIAO   SA\.m2\repository\org\jdom\jdom2\2.0.6.1\jdom2-2.0.6.1.jar;C:\Users\XIAO   SA\.m2\repository\org\codehaus\jettison\jettison\1.5.4\jettison-1.5.4.jar;C:\Users\XIAO   SA\.m2\repository\com\aliyun\aliyun-java-sdk-core\4.5.10\aliyun-java-sdk-core-4.5.10.jar;C:\Users\XIAO   SA\.m2\repository\javax\xml\bind\jaxb-api\2.3.1\jaxb-api-2.3.1.jar;C:\Users\XIAO   SA\.m2\repository\javax\activation\javax.activation-api\1.2.0\javax.activation-api-1.2.0.jar;C:\Users\XIAO   SA\.m2\repository\org\jacoco\org.jacoco.agent\0.8.5\org.jacoco.agent-0.8.5-runtime.jar;C:\Users\XIAO   SA\.m2\repository\io\opentracing\opentracing-api\0.33.0\opentracing-api-0.33.0.jar;C:\Users\XIAO   SA\.m2\repository\io\opentracing\opentracing-util\0.33.0\opentracing-util-0.33.0.jar;C:\Users\XIAO   SA\.m2\repository\io\opentracing\opentracing-noop\0.33.0\opentracing-noop-0.33.0.jar;C:\Users\XIAO   SA\.m2\repository\com\aliyun\aliyun-java-sdk-ram\3.1.0\aliyun-java-sdk-ram-3.1.0.jar;C:\Users\XIAO   SA\.m2\repository\com\aliyun\aliyun-java-sdk-kms\2.11.0\aliyun-java-sdk-kms-2.11.0.jar;C:\Users\XIAO   SA\.m2\repository\com\tencentcloudapi\tencentcloud-sdk-java\3.1.1011\tencentcloud-sdk-java-3.1.1011.jar;C:\Users\XIAO   SA\.m2\repository\commons-logging\commons-logging\1.2\commons-logging-1.2.jar;C:\Users\XIAO   SA\.m2\repository\com\squareup\okhttp3\okhttp\4.12.0\okhttp-4.12.0.jar;C:\Users\XIAO   SA\.m2\repository\com\squareup\okio\okio\3.6.0\okio-3.6.0.jar;C:\Users\XIAO   SA\.m2\repository\com\squareup\okio\okio-jvm\3.6.0\okio-jvm-3.6.0.jar;C:\Users\XIAO   SA\.m2\repository\org\jetbrains\kotlin\kotlin-stdlib-common\1.9.20\kotlin-stdlib-common-1.9.20.jar;C:\Users\XIAO   SA\.m2\repository\org\jetbrains\kotlin\kotlin-stdlib-jdk8\1.9.20\kotlin-stdlib-jdk8-1.9.20.jar;C:\Users\XIAO   SA\.m2\repository\org\jetbrains\kotlin\kotlin-stdlib\1.9.20\kotlin-stdlib-1.9.20.jar;C:\Users\XIAO   SA\.m2\repository\org\jetbrains\annotations\13.0\annotations-13.0.jar;C:\Users\XIAO   SA\.m2\repository\org\jetbrains\kotlin\kotlin-stdlib-jdk7\1.9.20\kotlin-stdlib-jdk7-1.9.20.jar;C:\Users\XIAO   SA\.m2\repository\com\google\code\gson\gson\2.10.1\gson-2.10.1.jar;C:\Users\XIAO   SA\.m2\repository\com\squareup\okhttp3\logging-interceptor\4.12.0\logging-interceptor-4.12.0.jar;C:\Users\XIAO   SA\.m2\repository\org\ini4j\ini4j\0.5.4\ini4j-0.5.4.jar;C:\Users\XIAO   SA\.m2\repository\jakarta\xml\bind\jakarta.xml.bind-api\4.0.1\jakarta.xml.bind-api-4.0.1.jar;C:\Users\XIAO   SA\.m2\repository\jakarta\activation\jakarta.activation-api\2.1.2\jakarta.activation-api-2.1.2.jar;C:\Users\XIAO   SA\.m2\repository\org\springframework\spring-core\6.1.1\spring-core-6.1.1.jar;C:\Users\XIAO   SA\.m2\repository\org\springframework\spring-jcl\6.1.1\spring-jcl-6.1.1.jar
Launcher Type: SUN_STANDARD

[Global flags]
     intx CICompilerCount                          = 3                                         {product} {ergonomic}
     uint ConcGCThreads                            = 1                                         {product} {ergonomic}
     uint G1ConcRefinementThreads                  = 4                                         {product} {ergonomic}
   size_t G1HeapRegionSize                         = 1048576                                   {product} {ergonomic}
    uintx GCDrainStackTargetSize                   = 64                                        {product} {ergonomic}
   size_t InitialHeapSize                          = 132120576                                 {product} {ergonomic}
   size_t MarkStackSize                            = 4194304                                   {product} {ergonomic}
   size_t MaxHeapSize                              = 2105540608                                {product} {ergonomic}
   size_t MinHeapDeltaBytes                        = 1048576                                   {product} {ergonomic}
   size_t MinHeapSize                              = 8388608                                   {product} {ergonomic}
    uintx NonNMethodCodeHeapSize                   = 4096                                   {pd product} {ergonomic}
    uintx NonProfiledCodeHeapSize                  = 0                                      {pd product} {ergonomic}
     bool ProfileInterpreter                       = false                                  {pd product} {command line}
    uintx ProfiledCodeHeapSize                     = 0                                      {pd product} {ergonomic}
   size_t SoftMaxHeapSize                          = 2105540608                             {manageable} {ergonomic}
     intx TieredStopAtLevel                        = 1                                         {product} {command line}
     bool UseCompressedOops                        = true                           {product lp64_product} {ergonomic}
     bool UseG1GC                                  = true                                      {product} {ergonomic}
     bool UseLargePagesIndividualAllocation        = false                                  {pd product} {ergonomic}

Logging:
Log output configuration:
 #0: stdout all=warning uptime,level,tags foldmultilines=false
 #1: stderr all=off uptime,level,tags foldmultilines=false

Environment Variables:
JAVA_HOME=C:\\Program Files\\Java\\jdk-21
PATH=C:\\Program Files\\Java\\jdk-21\\bin;C:\\Users\\XIAO   SA\\.trae\\tools\\maven\\latest\\bin;C:\\Users\\XIAO   SA\\.trae\\tools\\gradle\\latest\\bin;c:\\Users\\XIAO   SA\\.trae\\sdks\\workspaces\\c0a46b12\\versions\\node\\current;c:\\Users\\XIAO   SA\\.trae\\sdks\\versions\\node\\current;C:\Program Files\Java\jdk-21\bin;C:\Users\XIAO   SA\.trae\tools\maven\latest\bin;C:\Users\XIAO   SA\.trae\tools\gradle\latest\bin;c:\Users\XIAO   SA\.trae\sdks\workspaces\c0a46b12\versions\node\current;c:\Users\XIAO   SA\.trae\sdks\versions\node\current;C:\Users\XIAO   SA\AppData\Local\Programs\Python\Python312\Scripts;C:\Program Files\Git\cmd;D:\nginx-1.24.0;C:\ProgramData\chocolatey\bin;D:\;C:\MinGW\bin;C:\Program Files\JetBrains\IntelliJ IDEA 2024.2.1\bin;D:\mavean\apache-maven-3.9.9\bin;C:\Program Files\Java\jdk-21\bin;C:\Program Files\Java\jdk-21\bin;D:\nvm;C:\Program Files\nodejs;D:\nvm;C:\Windows\System32;D:\微信web开发者工具\dll;D:\微信web开发者工具2\dll;D:\PyCharm 2025.1\bin;D:\IntelliJ IDEA 2024.3.3\bin;D:\010 Editor;;C:\WINDOWS\system32;C:\WINDOWS;C:\WINDOWS\System32\Wbem;C:\WINDOWS\System32\WindowsPowerShell\v1.0\;C:\WINDOWS\System32\OpenSSH\;C:\Users\XIAO   SA\AppData\Local\Microsoft\WindowsApps;D:\新建文件夹\Microsoft VS Code\bin;C:\Users\XIAO   SA\AppData\Local\Programs\Microsoft VS Code\bin;C:\Program Files\JetBrains\PyCharm Community Edition 2024.2.1\bin;;D:\IntelliJ IDEA 2024.3.3\bin;;D:\Nmap;C:\Users\XIAO   SA\AppData\Roaming\npm;D:\nvm;D:\nvm\v22.11.0;D:\PyCharm 2025.1\bin;;D:\cursor\resources\app\bin
USERNAME=XIAO   SA
LANG=zh_CN.UTF-8
OS=Windows_NT
PROCESSOR_IDENTIFIER=Intel64 Family 6 Model 142 Stepping 12, GenuineIntel
TMP=C:\Users\XIAOSA~1\AppData\Local\Temp
TEMP=C:\Users\XIAOSA~1\AppData\Local\Temp




Periodic native trim disabled

---------------  S Y S T E M  ---------------

OS:
 Windows 11 , 64 bit Build 26100 (10.0.26100.5074)
OS uptime: 1 days 2:36 hours

CPU: total 4 (initial active 4) (2 cores per cpu, 2 threads per core) family 6 model 142 stepping 12 microcode 0xde, cx8, cmov, fxsr, ht, mmx, 3dnowpref, sse, sse2, sse3, ssse3, sse4.1, sse4.2, popcnt, lzcnt, tsc, tscinvbit, avx, avx2, aes, erms, clmul, bmi1, bmi2, adx, fma, vzeroupper, clflush, clflushopt, rdtscp, f16c
Processor Information for all 4 processors :
  Max Mhz: 2592, Current Mhz: 2592, Mhz Limit: 2073

Memory: 4k page, system-wide physical 8025M (450M free)
TotalPageFile size 20025M (AvailPageFile size 101M)
current process WorkingSet (physical memory assigned to process): 12M, peak: 12M
current process commit charge ("private bytes"): 47M, peak: 173M

vm_info: Java HotSpot(TM) 64-Bit Server VM (21.0.4+8-LTS-274) for windows-amd64 JRE (21.0.4+8-LTS-274), built on 2024-06-05T05:23:33Z by "mach5one" with MS VC++ 17.6 (VS2022)

END.
